<?xml version="1.0" encoding="UTF-8"?>
<testng-results skipped="0" failed="0" ignored="0" total="1" passed="1">
  <reporter-output>
  </reporter-output>
  <suite name="Default suite" duration-ms="23399" started-at="2018-10-22T13:49:04Z" finished-at="2018-10-22T13:49:27Z">
    <groups>
    </groups>
    <test name="Default test" duration-ms="23399" started-at="2018-10-22T13:49:04Z" finished-at="2018-10-22T13:49:27Z">
      <class name="Global.TestBase">
        <test-method status="PASS" signature="Login1()[pri:0, instance:Global.TestBase@19a81e8]" name="Login1" duration-ms="23298" started-at="2018-10-22T13:49:04Z" finished-at="2018-10-22T13:49:27Z">
          <reporter-output>
          </reporter-output>
        </test-method> <!-- Login1 -->
      </class> <!-- Global.TestBase -->
    </test> <!-- Default test -->
  </suite> <!-- Default suite -->
</testng-results>
